Build started 8/21/2014 2:32:00 PM.
     1>Project "D:\Osama\Programming\Projects\AlgorithmLibrary\AlgorithmsLibrary\AlgorithmsLibrary\AlgorithmsLibrary.vcxproj" on node 2 (Rebuild target(s)).
     1>ClCompile:
         C:\Program Files (x86)\Microsoft Visual Studio 11.0\VC\bin\CL.exe /c /ZI /nologo /W3 /WX- /Od /Oy- /D _MBCS /Gm /EHsc /RTC1 /MDd /GS /fp:precise /Zc:wchar_t /Zc:forScope /Fo"Debug\\" /Fd"Debug\vc110.pdb" /Gd /TP /analyze- /errorReport:prompt SkipList.cpp Test.cpp
         Test.cpp
         SkipList.cpp
     1>d:\osama\programming\projects\algorithmlibrary\algorithmslibrary\algorithmslibrary\skiplist.cpp(30): warning C4244: 'argument' : conversion from 'time_t' to 'unsigned int', possible loss of data
                 d:\osama\programming\projects\algorithmlibrary\algorithmslibrary\algorithmslibrary\skiplist.cpp(27) : while compiling class template member function 'SkipList<T>::SkipList(void)'
                 with
                 [
                     T=int
                 ]
                 d:\osama\programming\projects\algorithmlibrary\algorithmslibrary\algorithmslibrary\skiplist.cpp(128) : see reference to function template instantiation 'SkipList<T>::SkipList(void)' being compiled
                 with
                 [
                     T=int
                 ]
                 d:\osama\programming\projects\algorithmlibrary\algorithmslibrary\algorithmslibrary\skiplist.cpp(128) : see reference to class template instantiation 'SkipList<T>' being compiled
                 with
                 [
                     T=int
                 ]
         Generating Code...
       Link:
         C:\Program Files (x86)\Microsoft Visual Studio 11.0\VC\bin\link.exe /ERRORREPORT:PROMPT /OUT:"D:\Osama\Programming\Projects\AlgorithmLibrary\AlgorithmsLibrary\Debug\AlgorithmsLibrary.exe" /INCREMENTAL /NOLOGO pthreadVC2.lib kernel32.lib user32.lib gdi32.lib winspool.lib comdlg32.lib advapi32.lib shell32.lib ole32.lib oleaut32.lib uuid.lib odbc32.lib odbccp32.lib /MANIFEST /MANIFESTUAC:"level='asInvoker' uiAccess='false'" /manifest:embed /DEBUG /PDB:"D:\Osama\Programming\Projects\AlgorithmLibrary\AlgorithmsLibrary\Debug\AlgorithmsLibrary.pdb" /SUBSYSTEM:CONSOLE /TLBID:1 /DYNAMICBASE /NXCOMPAT /IMPLIB:"D:\Osama\Programming\Projects\AlgorithmLibrary\AlgorithmsLibrary\Debug\AlgorithmsLibrary.lib" /MACHINE:X86 Debug\SkipList.obj
         Debug\Test.obj
         AlgorithmsLibrary.vcxproj -> D:\Osama\Programming\Projects\AlgorithmLibrary\AlgorithmsLibrary\Debug\AlgorithmsLibrary.exe
     1>Done Building Project "D:\Osama\Programming\Projects\AlgorithmLibrary\AlgorithmsLibrary\AlgorithmsLibrary\AlgorithmsLibrary.vcxproj" (Rebuild target(s)).

Build succeeded.

Time Elapsed 00:00:00.46
