D:\OSAMA\PROGRAMMING\PROJECTS\ALGORITHMLIBRARY\ALGORITHMSLIBRARY\ALGORITHMSLIBRARY\DEBUG\MAIN.OBJ
D:\OSAMA\PROGRAMMING\PROJECTS\ALGORITHMLIBRARY\ALGORITHMSLIBRARY\ALGORITHMSLIBRARY\DEBUG\VC110.PDB
D:\OSAMA\PROGRAMMING\PROJECTS\ALGORITHMLIBRARY\ALGORITHMSLIBRARY\ALGORITHMSLIBRARY\DEBUG\TEST.OBJ
D:\OSAMA\PROGRAMMING\PROJECTS\ALGORITHMLIBRARY\ALGORITHMSLIBRARY\DEBUG\ALGORITHMSLIBRARY.ILK
D:\OSAMA\PROGRAMMING\PROJECTS\ALGORITHMLIBRARY\ALGORITHMSLIBRARY\DEBUG\ALGORITHMSLIBRARY.EXE
D:\OSAMA\PROGRAMMING\PROJECTS\ALGORITHMLIBRARY\ALGORITHMSLIBRARY\DEBUG\ALGORITHMSLIBRARY.PDB
D:\Osama\Programming\Projects\AlgorithmLibrary\AlgorithmsLibrary\AlgorithmsLibrary\Debug\main.obj
D:\Osama\Programming\Projects\AlgorithmLibrary\AlgorithmsLibrary\AlgorithmsLibrary\Debug\Test.obj
D:\Osama\Programming\Projects\AlgorithmLibrary\AlgorithmsLibrary\AlgorithmsLibrary\Debug\cl.command.1.tlog
D:\Osama\Programming\Projects\AlgorithmLibrary\AlgorithmsLibrary\AlgorithmsLibrary\Debug\CL.read.1.tlog
D:\Osama\Programming\Projects\AlgorithmLibrary\AlgorithmsLibrary\AlgorithmsLibrary\Debug\CL.write.1.tlog
D:\Osama\Programming\Projects\AlgorithmLibrary\AlgorithmsLibrary\AlgorithmsLibrary\Debug\link-cvtres.read.1.tlog
D:\Osama\Programming\Projects\AlgorithmLibrary\AlgorithmsLibrary\AlgorithmsLibrary\Debug\link-cvtres.write.1.tlog
D:\Osama\Programming\Projects\AlgorithmLibrary\AlgorithmsLibrary\AlgorithmsLibrary\Debug\link-rc.read.1.tlog
D:\Osama\Programming\Projects\AlgorithmLibrary\AlgorithmsLibrary\AlgorithmsLibrary\Debug\link-rc.write.1.tlog
D:\Osama\Programming\Projects\AlgorithmLibrary\AlgorithmsLibrary\AlgorithmsLibrary\Debug\link.5584-cvtres.read.1.tlog
D:\Osama\Programming\Projects\AlgorithmLibrary\AlgorithmsLibrary\AlgorithmsLibrary\Debug\link.5584-cvtres.write.1.tlog
D:\Osama\Programming\Projects\AlgorithmLibrary\AlgorithmsLibrary\AlgorithmsLibrary\Debug\link.5584-rc.read.1.tlog
D:\Osama\Programming\Projects\AlgorithmLibrary\AlgorithmsLibrary\AlgorithmsLibrary\Debug\link.5584-rc.write.1.tlog
D:\Osama\Programming\Projects\AlgorithmLibrary\AlgorithmsLibrary\AlgorithmsLibrary\Debug\link.5584.read.1.tlog
D:\Osama\Programming\Projects\AlgorithmLibrary\AlgorithmsLibrary\AlgorithmsLibrary\Debug\link.5584.write.1.tlog
D:\Osama\Programming\Projects\AlgorithmLibrary\AlgorithmsLibrary\AlgorithmsLibrary\Debug\link.command.1.tlog
D:\Osama\Programming\Projects\AlgorithmLibrary\AlgorithmsLibrary\AlgorithmsLibrary\Debug\link.read.1.tlog
D:\Osama\Programming\Projects\AlgorithmLibrary\AlgorithmsLibrary\AlgorithmsLibrary\Debug\link.write.1.tlog
D:\Osama\Programming\Projects\AlgorithmLibrary\AlgorithmsLibrary\AlgorithmsLibrary\Debug\vc110.idb
D:\Osama\Programming\Projects\AlgorithmLibrary\AlgorithmsLibrary\AlgorithmsLibrary\Debug\vc110.pdb
D:\Osama\Programming\Projects\AlgorithmLibrary\AlgorithmsLibrary\Debug\AlgorithmsLibrary.pdb
D:\Osama\Programming\Projects\AlgorithmLibrary\AlgorithmsLibrary\Debug\AlgorithmsLibrary.exe
D:\Osama\Programming\Projects\AlgorithmLibrary\AlgorithmsLibrary\Debug\AlgorithmsLibrary.ilk
